[2021-08-03 11:44:31,509] multiqc                                            [DEBUG  ]  No MultiQC config found: /home/users/astar/gis/tancsc/miniconda3/lib/python3.6/site-packages/multiqc_config.yaml
[2021-08-03 11:44:31,509] multiqc                                            [DEBUG  ]  No MultiQC config found: /home/users/astar/gis/tancsc/.multiqc_config.yaml
[2021-08-03 11:44:31,509] multiqc                                            [DEBUG  ]  No MultiQC config found: multiqc_config.yaml
[2021-08-03 11:44:31,509] multiqc                                            [DEBUG  ]  Command used: /home/users/astar/gis/tancsc/miniconda3/bin/multiqc -x qualimap_human_mapped -x qualimap_human_remapped ./
[2021-08-03 11:44:32,365] multiqc                                            [WARNING]  MultiQC Version v1.11 now available!
[2021-08-03 11:44:32,365] multiqc                                            [INFO   ]  This is MultiQC v1.10.1
[2021-08-03 11:44:32,365] multiqc                                            [DEBUG  ]  Command     : /home/users/astar/gis/tancsc/miniconda3/bin/multiqc -x qualimap_human_mapped -x qualimap_human_remapped ./
[2021-08-03 11:44:32,365] multiqc                                            [DEBUG  ]  Working dir : /home/projects/14001280/PROJECTS/blood_microbiome/results/map_to_human_out
[2021-08-03 11:44:32,365] multiqc                                            [INFO   ]  Template    : default
[2021-08-03 11:44:32,366] multiqc                                            [DEBUG  ]  Running Python 3.6.13 |Anaconda, Inc.| (default, Feb 23 2021, 21:15:04)  [GCC 7.3.0]
[2021-08-03 11:44:32,366] multiqc                                            [DEBUG  ]  Ignoring files, directories and paths that match: qualimap_human_mapped, qualimap_human_remapped
[2021-08-03 11:44:32,366] multiqc                                            [INFO   ]  Searching   : /home/projects/14001280/PROJECTS/blood_microbiome/results/map_to_human_out
[2021-08-03 11:44:32,367] multiqc                                            [DEBUG  ]  Analysing modules: custom_content, ngsderive, purple, conpair, peddy, somalier, methylQA, mosdepth, phantompeakqualtools, qualimap, preseq, quast, qorts, rna_seqc, rockhopper, rsem, rseqc, busco, goleft_indexcov, disambiguate, supernova, deeptools, sargasso, verifybamid, mirtrace, happy, mirtop, homer, hops, macs2, theta2, snpeff, gatk, htseq, bcftools, featureCounts, fgbio, dragen, dedup, damageprofiler, biobambam2, jcvi, mtnucratio, picard, sentieon, prokka, qc3C, samblaster, samtools, sexdeterrmine, eigenstratdatabasetools, bamtools, jellyfish, vcftools, longranger, stacks, varscan2, bbmap, bismark, biscuit, hicexplorer, hicup, hicpro, salmon, kallisto, slamdunk, star, hisat2, tophat, bowtie2, bowtie1, snpsplit, kat, leehom, adapterRemoval, clipandmerge, cutadapt, flexbar, kaiju, kraken, malt, trimmomatic, sickle, skewer, sortmerna, biobloomtools, fastq_screen, afterqc, fastp, fastqc, pychopper, pycoqc, minionqc, multivcfanalyzer, clusterflow, bcl2fastq, interop, ivar, flash, seqyclean, optitype
[2021-08-03 11:44:32,382] multiqc                                            [DEBUG  ]  Using temporary directory for creating report: /tmp/tmpa57r88v0
[2021-08-03 11:44:32,651] multiqc                                            [DEBUG  ]  Ignoring directory as matched fn_ignore_dirs: ./qualimap_human_mapped
[2021-08-03 11:44:32,652] multiqc                                            [DEBUG  ]  Ignoring directory as matched fn_ignore_dirs: ./qualimap_human_remapped
[2021-08-03 11:44:32,940] multiqc                                            [DEBUG  ]  Ignoring file as matched an ignore pattern: MUX5246.WHH5065.mapped.bam
[2021-08-03 11:44:33,034] multiqc                                            [DEBUG  ]  File ignored by hicexplorer because it exceeded search pattern filesize limit: samtools_stats.SSMP_060_to_069.SSM063.unmapped-both-read-and-mate.txt
[2021-08-03 11:44:33,095] multiqc                                            [DEBUG  ]  File ignored by longranger/invocation because it exceeded search pattern filesize limit: samtools_stats.SSMP_060_to_069.SSM063.unmapped-both-read-and-mate.txt
[2021-08-03 11:44:33,275] multiqc                                            [DEBUG  ]  Ignoring file as matched an ignore pattern: MUX5246.WHH5065.unmapped-both-read-and-mate.sam
[2021-08-03 11:44:33,587] multiqc                                            [DEBUG  ]  Ignoring file as matched an ignore pattern: SSMP_060_to_069.SSM063.unmapped-both-read-and-mate.sam
[2021-08-03 11:44:33,588] multiqc                                            [DEBUG  ]  Ignoring file as matched an ignore pattern: MUX5246.WHH5065.remapped.bam
[2021-08-03 11:44:35,464] multiqc.plots.bargraph                             [DEBUG  ]  Using matplotlib version 3.3.4
[2021-08-03 11:44:35,479] multiqc.plots.linegraph                            [DEBUG  ]  Using matplotlib version 3.3.4
[2021-08-03 11:44:35,485] multiqc                                            [DEBUG  ]  No samples found: custom_content
[2021-08-03 11:44:35,503] multiqc                                            [DEBUG  ]  No samples found: ngsderive
[2021-08-03 11:44:35,521] multiqc                                            [DEBUG  ]  No samples found: purple
[2021-08-03 11:44:35,536] multiqc                                            [DEBUG  ]  No samples found: conpair
[2021-08-03 11:44:35,547] multiqc                                            [DEBUG  ]  No samples found: peddy
[2021-08-03 11:44:35,564] multiqc                                            [DEBUG  ]  No samples found: somalier
[2021-08-03 11:44:35,581] multiqc                                            [DEBUG  ]  No samples found: methylQA
[2021-08-03 11:44:35,637] multiqc                                            [DEBUG  ]  No samples found: mosdepth
[2021-08-03 11:44:35,655] multiqc                                            [DEBUG  ]  No samples found: phantompeakqualtools
[2021-08-03 11:44:35,680] multiqc                                            [DEBUG  ]  No samples found: qualimap
[2021-08-03 11:44:35,702] multiqc                                            [DEBUG  ]  No samples found: preseq
[2021-08-03 11:44:35,734] multiqc                                            [DEBUG  ]  No samples found: quast
[2021-08-03 11:44:35,754] multiqc                                            [DEBUG  ]  No samples found: qorts
[2021-08-03 11:44:35,787] multiqc                                            [DEBUG  ]  No samples found: rna_seqc
[2021-08-03 11:44:35,807] multiqc                                            [DEBUG  ]  No samples found: rockhopper
[2021-08-03 11:44:35,833] multiqc                                            [DEBUG  ]  No samples found: rsem
[2021-08-03 11:44:35,873] multiqc                                            [DEBUG  ]  No samples found: rseqc
[2021-08-03 11:44:35,890] multiqc                                            [DEBUG  ]  No samples found: busco
[2021-08-03 11:44:35,905] multiqc                                            [DEBUG  ]  No samples found: goleft_indexcov
[2021-08-03 11:44:35,916] multiqc                                            [DEBUG  ]  No samples found: disambiguate
[2021-08-03 11:44:35,934] multiqc                                            [DEBUG  ]  No samples found: supernova
[2021-08-03 11:44:36,020] multiqc                                            [DEBUG  ]  No samples found: deeptools
[2021-08-03 11:44:36,055] multiqc                                            [DEBUG  ]  No samples found: sargasso
[2021-08-03 11:44:36,068] multiqc                                            [DEBUG  ]  No samples found: verifybamid
[2021-08-03 11:44:36,082] multiqc                                            [DEBUG  ]  No samples found: mirtrace
[2021-08-03 11:44:36,099] multiqc                                            [DEBUG  ]  No samples found: happy
[2021-08-03 11:44:36,125] multiqc                                            [DEBUG  ]  No samples found: mirtop
[2021-08-03 11:44:36,154] multiqc                                            [DEBUG  ]  No samples found: homer
[2021-08-03 11:44:36,172] multiqc                                            [DEBUG  ]  No samples found: hops
[2021-08-03 11:44:36,202] multiqc                                            [DEBUG  ]  No samples found: macs2
[2021-08-03 11:44:36,220] multiqc                                            [DEBUG  ]  No samples found: theta2
[2021-08-03 11:44:36,237] multiqc                                            [DEBUG  ]  No samples found: snpeff
[2021-08-03 11:44:36,265] multiqc                                            [DEBUG  ]  No samples found: gatk
[2021-08-03 11:44:36,285] multiqc                                            [DEBUG  ]  No samples found: htseq
[2021-08-03 11:44:36,306] multiqc                                            [DEBUG  ]  No samples found: bcftools
[2021-08-03 11:44:36,323] multiqc                                            [DEBUG  ]  No samples found: featureCounts
[2021-08-03 11:44:36,371] multiqc                                            [DEBUG  ]  No samples found: fgbio
[2021-08-03 11:44:36,464] multiqc                                            [DEBUG  ]  No samples found: dragen
[2021-08-03 11:44:36,481] multiqc                                            [DEBUG  ]  No samples found: dedup
[2021-08-03 11:44:36,510] multiqc                                            [DEBUG  ]  No samples found: damageprofiler
[2021-08-03 11:44:36,607] multiqc                                            [DEBUG  ]  No samples found: biobambam2
[2021-08-03 11:44:36,656] multiqc                                            [DEBUG  ]  No samples found: jcvi
[2021-08-03 11:44:36,669] multiqc                                            [DEBUG  ]  No samples found: mtnucratio
[2021-08-03 11:44:36,676] multiqc                                            [DEBUG  ]  No samples found: picard
[2021-08-03 11:44:36,695] multiqc                                            [DEBUG  ]  No samples found: sentieon
[2021-08-03 11:44:36,712] multiqc                                            [DEBUG  ]  No samples found: prokka
[2021-08-03 11:44:36,741] multiqc                                            [DEBUG  ]  No samples found: qc3C
[2021-08-03 11:44:36,758] multiqc                                            [DEBUG  ]  No samples found: samblaster
[2021-08-03 11:44:36,845] multiqc.modules.samtools.samtools                  [INFO   ]  Found 1 stats reports
[2021-08-03 11:44:36,854] multiqc.modules.samtools.samtools                  [INFO   ]  Found 1 flagstat reports
[2021-08-03 11:44:36,886] multiqc                                            [DEBUG  ]  No samples found: sexdeterrmine
[2021-08-03 11:44:36,903] multiqc                                            [DEBUG  ]  No samples found: eigenstratdatabasetools
[2021-08-03 11:44:36,923] multiqc                                            [DEBUG  ]  No samples found: bamtools
[2021-08-03 11:44:36,940] multiqc                                            [DEBUG  ]  No samples found: jellyfish
[2021-08-03 11:44:36,968] multiqc                                            [DEBUG  ]  No samples found: vcftools
[2021-08-03 11:44:36,985] multiqc                                            [DEBUG  ]  No samples found: longranger
[2021-08-03 11:44:37,003] multiqc                                            [DEBUG  ]  No samples found: stacks
[2021-08-03 11:44:37,037] multiqc                                            [DEBUG  ]  No samples found: varscan2
[2021-08-03 11:44:37,096] multiqc                                            [DEBUG  ]  No samples found: bbmap
[2021-08-03 11:44:37,131] multiqc                                            [DEBUG  ]  No samples found: bismark
[2021-08-03 11:44:37,178] multiqc                                            [DEBUG  ]  No samples found: biscuit
[2021-08-03 11:44:37,198] multiqc                                            [DEBUG  ]  No samples found: hicexplorer
[2021-08-03 11:44:37,217] multiqc                                            [DEBUG  ]  No samples found: hicup
[2021-08-03 11:44:37,236] multiqc                                            [DEBUG  ]  No samples found: hicpro
[2021-08-03 11:44:37,254] multiqc                                            [DEBUG  ]  No samples found: salmon
[2021-08-03 11:44:37,272] multiqc                                            [DEBUG  ]  No samples found: kallisto
[2021-08-03 11:44:37,297] multiqc                                            [DEBUG  ]  No samples found: slamdunk
[2021-08-03 11:44:37,315] multiqc                                            [DEBUG  ]  No samples found: star
[2021-08-03 11:44:37,326] multiqc                                            [DEBUG  ]  No samples found: hisat2
[2021-08-03 11:44:37,342] multiqc                                            [DEBUG  ]  No samples found: tophat
[2021-08-03 11:44:37,358] multiqc                                            [DEBUG  ]  No samples found: bowtie2
[2021-08-03 11:44:37,382] multiqc                                            [DEBUG  ]  No samples found: bowtie1
[2021-08-03 11:44:37,399] multiqc                                            [DEBUG  ]  No samples found: snpsplit
[2021-08-03 11:44:37,416] multiqc                                            [DEBUG  ]  No samples found: kat
[2021-08-03 11:44:37,433] multiqc                                            [DEBUG  ]  No samples found: leehom
[2021-08-03 11:44:37,469] multiqc                                            [DEBUG  ]  No samples found: adapterRemoval
[2021-08-03 11:44:37,485] multiqc                                            [DEBUG  ]  No samples found: clipandmerge
[2021-08-03 11:44:37,506] multiqc                                            [DEBUG  ]  No samples found: cutadapt
[2021-08-03 11:44:37,523] multiqc                                            [DEBUG  ]  No samples found: flexbar
[2021-08-03 11:44:37,540] multiqc                                            [DEBUG  ]  No samples found: kaiju
[2021-08-03 11:44:37,559] multiqc                                            [DEBUG  ]  No samples found: kraken
[2021-08-03 11:44:37,575] multiqc                                            [DEBUG  ]  No samples found: malt
[2021-08-03 11:44:37,586] multiqc                                            [DEBUG  ]  No samples found: trimmomatic
[2021-08-03 11:44:37,602] multiqc                                            [DEBUG  ]  No samples found: sickle
[2021-08-03 11:44:37,619] multiqc                                            [DEBUG  ]  No samples found: skewer
[2021-08-03 11:44:37,636] multiqc                                            [DEBUG  ]  No samples found: sortmerna
[2021-08-03 11:44:37,654] multiqc                                            [DEBUG  ]  No samples found: biobloomtools
[2021-08-03 11:44:37,671] multiqc                                            [DEBUG  ]  No samples found: fastq_screen
[2021-08-03 11:44:37,689] multiqc                                            [DEBUG  ]  No samples found: afterqc
[2021-08-03 11:44:37,706] multiqc                                            [DEBUG  ]  No samples found: fastp
[2021-08-03 11:44:37,750] multiqc                                            [DEBUG  ]  No samples found: fastqc
[2021-08-03 11:44:37,767] multiqc                                            [DEBUG  ]  No samples found: pychopper
[2021-08-03 11:44:37,786] multiqc                                            [DEBUG  ]  No samples found: pycoqc
[2021-08-03 11:44:37,797] multiqc                                            [DEBUG  ]  No samples found: minionqc
[2021-08-03 11:44:37,815] multiqc                                            [DEBUG  ]  No samples found: multivcfanalyzer
[2021-08-03 11:44:37,832] multiqc                                            [DEBUG  ]  No samples found: clusterflow
[2021-08-03 11:44:37,849] multiqc                                            [DEBUG  ]  No samples found: bcl2fastq
[2021-08-03 11:44:37,865] multiqc                                            [DEBUG  ]  No samples found: interop
[2021-08-03 11:44:37,876] multiqc                                            [DEBUG  ]  No samples found: ivar
[2021-08-03 11:44:37,894] multiqc                                            [DEBUG  ]  No samples found: flash
[2021-08-03 11:44:37,919] multiqc                                            [DEBUG  ]  No samples found: seqyclean
[2021-08-03 11:44:37,936] multiqc                                            [DEBUG  ]  No samples found: optitype
[2021-08-03 11:44:37,945] multiqc                                            [INFO   ]  Compressing plot data
[2021-08-03 11:44:37,958] multiqc                                            [INFO   ]  Report      : multiqc_report.html
[2021-08-03 11:44:37,958] multiqc                                            [INFO   ]  Data        : multiqc_data
[2021-08-03 11:44:37,958] multiqc                                            [DEBUG  ]  Moving data file from '/tmp/tmpa57r88v0/multiqc_data' to '/home/projects/14001280/PROJECTS/blood_microbiome/results/map_to_human_out/multiqc_data'
[2021-08-03 11:44:38,304] multiqc                                            [INFO   ]  MultiQC complete
